<?xml version="1.0" encoding="UTF-8"?>
<testng-results skipped="0" failed="0" total="1" passed="1">
  <reporter-output>
  </reporter-output>
  <suite name="Default suite" duration-ms="65336" started-at="2016-08-31T16:31:28Z" finished-at="2016-08-31T16:32:34Z">
    <groups>
    </groups>
    <test name="Default test" duration-ms="65336" started-at="2016-08-31T16:31:28Z" finished-at="2016-08-31T16:32:34Z">
      <class name="testcase.NewTest">
        <test-method status="PASS" signature="beforeTest()[pri:0, instance:testcase.NewTest@1f42679]" name="beforeTest" is-config="true" duration-ms="48851" started-at="2016-08-31T23:31:29Z" finished-at="2016-08-31T23:32:17Z">
          <reporter-output>
          </reporter-output>
        </test-method> <!-- beforeTest -->
        <test-method status="PASS" signature="f()[pri:0, instance:testcase.NewTest@1f42679]" name="f" duration-ms="9406" started-at="2016-08-31T23:32:17Z" finished-at="2016-08-31T23:32:27Z">
          <reporter-output>
          </reporter-output>
        </test-method> <!-- f -->
        <test-method status="PASS" signature="afterTest()[pri:0, instance:testcase.NewTest@1f42679]" name="afterTest" is-config="true" duration-ms="7009" started-at="2016-08-31T23:32:27Z" finished-at="2016-08-31T23:32:34Z">
          <reporter-output>
          </reporter-output>
        </test-method> <!-- afterTest -->
      </class> <!-- testcase.NewTest -->
    </test> <!-- Default test -->
  </suite> <!-- Default suite -->
</testng-results>
